This is pdfTeX, Version 3.1415926-2.5-1.40.14 (MiKTeX 2.9) (preloaded format=pdflatex 2025.1.11)  11 JAN 2025 16:51
entering extended mode
**E:/Files/masters_thesis/Nikonov_latex_eng/Nikonov_2020_02_20.tex
(E:/Files/masters_thesis/Nikonov_latex_eng/Nikonov_2020_02_20.tex
LaTeX2e <2011/06/27>
Babel <v3.8m> and hyphenation patterns for english, afrikaans, ancientgreek, ar
abic, armenian, assamese, basque, bengali, bokmal, bulgarian, catalan, coptic, 
croatian, czech, danish, dutch, esperanto, estonian, farsi, finnish, french, ga
lician, german, german-x-2013-05-26, greek, gujarati, hindi, hungarian, iceland
ic, indonesian, interlingua, irish, italian, kannada, kurmanji, latin, latvian,
 lithuanian, malayalam, marathi, mongolian, mongolianlmc, monogreek, ngerman, n
german-x-2013-05-26, nynorsk, oriya, panjabi, pinyin, polish, portuguese, roman
ian, russian, sanskrit, serbian, slovak, slovenian, spanish, swedish, swissgerm
an, tamil, telugu, turkish, turkmen, ukenglish, ukrainian, uppersorbian, usengl
ishmax, welsh, loaded.
(E:\Soft\FullTex\Full_TeX\texmf\tex\latex\base\article.cls
Document Class: article 2007/10/19 v1.4h Standard LaTeX document class
(E:\Soft\FullTex\Full_TeX\texmf\tex\latex\base\size12.clo
File: size12.clo 2007/10/19 v1.4h Standard LaTeX file (size option)
)
\c@part=\count79
\c@section=\count80
\c@subsection=\count81
\c@subsubsection=\count82
\c@paragraph=\count83
\c@subparagraph=\count84
\c@figure=\count85
\c@table=\count86
\abovecaptionskip=\skip41
\belowcaptionskip=\skip42
\bibindent=\dimen102
)
(E:\Soft\FullTex\Full_TeX\texmf\tex\generic\babel\babel.sty
Package: babel 2008/07/08 v3.8m The Babel package

*************************************
* Local config file bblopts.cfg used
*
(E:\Soft\FullTex\Full_TeX\texmf\tex\latex\00miktex\bblopts.cfg
File: bblopts.cfg 2006/07/31 v1.0 MiKTeX 'babel' configuration
)
(E:\Soft\FullTex\Full_TeX\texmf\tex\generic\babel\english.ldf
Language: english 2005/03/30 v3.3o English support from the babel system

(E:\Soft\FullTex\Full_TeX\texmf\tex\generic\babel\babel.def
File: babel.def 2008/07/08 v3.8m Babel common definitions
\babel@savecnt=\count87
\U@D=\dimen103
)
\l@canadian = a dialect from \language\l@american 
\l@australian = a dialect from \language\l@british 
\l@newzealand = a dialect from \language\l@british 
))
(E:\Soft\FullTex\Full_TeX\texmf\tex\latex\base\inputenc.sty
Package: inputenc 2008/03/30 v1.1d Input encoding file
\inpenc@prehook=\toks14
\inpenc@posthook=\toks15

(E:\Soft\FullTex\Full_TeX\texmf\tex\latex\cyrillic\cp1251.def
File: cp1251.def 1999/11/16 v1.0d Input encoding file
))
(E:\Soft\FullTex\Full_TeX\texmf\tex\latex\mmgart-pdftex\mmgart-pdftex.sty
Package: mmgart-pdftex 2015/10/31 LaTeX2e

(E:\Soft\FullTex\Full_TeX\texmf\tex\latex\amsmath\amsmath.sty
Package: amsmath 2013/01/14 v2.14 AMS math features
\@mathmargin=\skip43

For additional information on amsmath, use the `?' option.
(E:\Soft\FullTex\Full_TeX\texmf\tex\latex\amsmath\amstext.sty
Package: amstext 2000/06/29 v2.01

(E:\Soft\FullTex\Full_TeX\texmf\tex\latex\amsmath\amsgen.sty
File: amsgen.sty 1999/11/30 v2.0
\@emptytoks=\toks16
\ex@=\dimen104
))
(E:\Soft\FullTex\Full_TeX\texmf\tex\latex\amsmath\amsbsy.sty
Package: amsbsy 1999/11/29 v1.2d
\pmbraise@=\dimen105
)
(E:\Soft\FullTex\Full_TeX\texmf\tex\latex\amsmath\amsopn.sty
Package: amsopn 1999/12/14 v2.01 operator names
)
\inf@bad=\count88
LaTeX Info: Redefining \frac on input line 210.
\uproot@=\count89
\leftroot@=\count90
LaTeX Info: Redefining \overline on input line 306.
\classnum@=\count91
\DOTSCASE@=\count92
LaTeX Info: Redefining \ldots on input line 378.
LaTeX Info: Redefining \dots on input line 381.
LaTeX Info: Redefining \cdots on input line 466.
\Mathstrutbox@=\box26
\strutbox@=\box27
\big@size=\dimen106
LaTeX Font Info:    Redeclaring font encoding OML on input line 566.
LaTeX Font Info:    Redeclaring font encoding OMS on input line 567.
\macc@depth=\count93
\c@MaxMatrixCols=\count94
\dotsspace@=\muskip10
\c@parentequation=\count95
\dspbrk@lvl=\count96
\tag@help=\toks17
\row@=\count97
\column@=\count98
\maxfields@=\count99
\andhelp@=\toks18
\eqnshift@=\dimen107
\alignsep@=\dimen108
\tagshift@=\dimen109
\tagwidth@=\dimen110
\totwidth@=\dimen111
\lineht@=\dimen112
\@envbody=\toks19
\multlinegap=\skip44
\multlinetaggap=\skip45
\mathdisplay@stack=\toks20
LaTeX Info: Redefining \[ on input line 2665.
LaTeX Info: Redefining \] on input line 2666.
)
(E:\Soft\FullTex\Full_TeX\texmf\tex\latex\amsfonts\amsfonts.sty
Package: amsfonts 2013/01/14 v3.01 Basic AMSFonts support
\symAMSa=\mathgroup4
\symAMSb=\mathgroup5
LaTeX Font Info:    Overwriting math alphabet `\mathfrak' in version `bold'
(Font)                  U/euf/m/n --> U/euf/b/n on input line 106.
)
(E:\Soft\FullTex\Full_TeX\texmf\tex\latex\amsfonts\amssymb.sty
Package: amssymb 2013/01/14 v3.01 AMS font symbols
)
(E:\Soft\FullTex\Full_TeX\texmf\tex\latex\amscls\amsthm.sty
Package: amsthm 2004/08/06 v2.20
\thm@style=\toks21
\thm@bodyfont=\toks22
\thm@headfont=\toks23
\thm@notefont=\toks24
\thm@headpunct=\toks25
\thm@preskip=\skip46
\thm@postskip=\skip47
\thm@headsep=\skip48
\dth@everypar=\toks26
)
(E:\Soft\FullTex\Full_TeX\texmf\tex\latex\tools\array.sty
Package: array 2008/09/09 v2.4c Tabular extension package (FMi)
\col@sep=\dimen113
\extrarowheight=\dimen114
\NC@list=\toks27
\extratabsurround=\skip49
\backup@length=\skip50
)
(E:\Soft\FullTex\Full_TeX\texmf\tex\latex\amsfonts\euscript.sty
Package: euscript 2009/06/22 v3.00 Euler Script fonts
LaTeX Font Info:    Overwriting math alphabet `\EuScript' in version `bold'
(Font)                  U/eus/m/n --> U/eus/b/n on input line 33.
)
(E:\Soft\FullTex\Full_TeX\texmf\tex\latex\tools\bm.sty
Package: bm 2004/02/26 v1.1c Bold Symbol Support (DPC/FMi)
\symboldoperators=\mathgroup6
\symboldletters=\mathgroup7
\symboldsymbols=\mathgroup8
LaTeX Font Info:    Redeclaring math alphabet \mathbf on input line 138.
LaTeX Info: Redefining \bm on input line 204.
)
(E:\Soft\FullTex\Full_TeX\texmf\tex\latex\base\latexsym.sty
Package: latexsym 1998/08/17 v2.2e Standard LaTeX package (lasy symbols)
\symlasy=\mathgroup9
LaTeX Font Info:    Overwriting symbol font `lasy' in version `bold'
(Font)                  U/lasy/m/n --> U/lasy/b/n on input line 47.
)
(E:\Soft\FullTex\Full_TeX\texmf\tex\latex\epsf\epsf.sty
This is `epsf.tex' v2.7.4 <14 February 2011>
\epsffilein=\read1
\epsfframemargin=\dimen115
\epsfframethickness=\dimen116
\epsfrsize=\dimen117
\epsftmp=\dimen118
\epsftsize=\dimen119
\epsfxsize=\dimen120
\epsfysize=\dimen121
\pspoints=\dimen122
) (E:\Soft\FullTex\Full_TeX\texmf\tex\latex\wrapfig\wrapfig.sty
\wrapoverhang=\dimen123
\WF@size=\dimen124
\c@WF@wrappedlines=\count100
\WF@box=\box28
\WF@everypar=\toks28
Package: wrapfig 2003/01/31  v 3.6
)
(E:\Soft\FullTex\Full_TeX\texmf\tex\latex\graphics\graphicx.sty
Package: graphicx 1999/02/16 v1.0f Enhanced LaTeX Graphics (DPC,SPQR)

(E:\Soft\FullTex\Full_TeX\texmf\tex\latex\graphics\keyval.sty
Package: keyval 1999/03/16 v1.13 key=value parser (DPC)
\KV@toks@=\toks29
)
(E:\Soft\FullTex\Full_TeX\texmf\tex\latex\graphics\graphics.sty
Package: graphics 2009/02/05 v1.0o Standard LaTeX Graphics (DPC,SPQR)

(E:\Soft\FullTex\Full_TeX\texmf\tex\latex\graphics\trig.sty
Package: trig 1999/03/16 v1.09 sin cos tan (DPC)
)
(E:\Soft\FullTex\Full_TeX\texmf\tex\latex\00miktex\graphics.cfg
File: graphics.cfg 2007/01/18 v1.5 graphics configuration of teTeX/TeXLive
)
Package graphics Info: Driver file: pdftex.def on input line 91.

(E:\Soft\FullTex\Full_TeX\texmf\tex\latex\pdftex-def\pdftex.def
File: pdftex.def 2011/05/27 v0.06d Graphics/color for pdfTeX

(E:\Soft\FullTex\Full_TeX\texmf\tex\generic\oberdiek\infwarerr.sty
Package: infwarerr 2010/04/08 v1.3 Providing info/warning/error messages (HO)
)
(E:\Soft\FullTex\Full_TeX\texmf\tex\generic\oberdiek\ltxcmds.sty
Package: ltxcmds 2011/11/09 v1.22 LaTeX kernel commands for general use (HO)
)
\Gread@gobject=\count101
))
\Gin@req@height=\dimen125
\Gin@req@width=\dimen126
)
(E:\Soft\FullTex\Full_TeX\texmf\tex\latex\graphics\color.sty
Package: color 2005/11/14 v1.0j Standard LaTeX Color (DPC)

(E:\Soft\FullTex\Full_TeX\texmf\tex\latex\00miktex\color.cfg
File: color.cfg 2007/01/18 v1.5 color configuration of teTeX/TeXLive
)
Package color Info: Driver file: pdftex.def on input line 130.
)
(E:\Soft\FullTex\Full_TeX\texmf\tex\latex\pgf\frontendlayer\tikz.sty
(E:\Soft\FullTex\Full_TeX\texmf\tex\latex\pgf\basiclayer\pgf.sty
(E:\Soft\FullTex\Full_TeX\texmf\tex\latex\pgf\utilities\pgfrcs.sty
(E:\Soft\FullTex\Full_TeX\texmf\tex\generic\pgf\utilities\pgfutil-common.tex
\pgfutil@everybye=\toks30
)
(E:\Soft\FullTex\Full_TeX\texmf\tex\generic\pgf\utilities\pgfutil-latex.def
\pgfutil@abb=\box29

(E:\Soft\FullTex\Full_TeX\texmf\tex\latex\ms\everyshi.sty
Package: everyshi 2001/05/15 v3.00 EveryShipout Package (MS)
))
(E:\Soft\FullTex\Full_TeX\texmf\tex\generic\pgf\utilities\pgfrcs.code.tex
Package: pgfrcs 2010/10/25 v2.10 (rcs-revision 1.24)
))
Package: pgf 2008/01/15 v2.10 (rcs-revision 1.12)

(E:\Soft\FullTex\Full_TeX\texmf\tex\latex\pgf\basiclayer\pgfcore.sty
(E:\Soft\FullTex\Full_TeX\texmf\tex\latex\pgf\systemlayer\pgfsys.sty
(E:\Soft\FullTex\Full_TeX\texmf\tex\generic\pgf\systemlayer\pgfsys.code.tex
Package: pgfsys 2010/06/30 v2.10 (rcs-revision 1.37)

(E:\Soft\FullTex\Full_TeX\texmf\tex\generic\pgf\utilities\pgfkeys.code.tex
\pgfkeys@pathtoks=\toks31
\pgfkeys@temptoks=\toks32

(E:\Soft\FullTex\Full_TeX\texmf\tex\generic\pgf\utilities\pgfkeysfiltered.code.
tex
\pgfkeys@tmptoks=\toks33
))
\pgf@x=\dimen127
\pgf@y=\dimen128
\pgf@xa=\dimen129
\pgf@ya=\dimen130
\pgf@xb=\dimen131
\pgf@yb=\dimen132
\pgf@xc=\dimen133
\pgf@yc=\dimen134
\w@pgf@writea=\write3
\r@pgf@reada=\read2
\c@pgf@counta=\count102
\c@pgf@countb=\count103
\c@pgf@countc=\count104
\c@pgf@countd=\count105
 (E:\Soft\FullTex\Full_TeX\texmf\tex\generic\pgf\systemlayer\pgf.cfg
File: pgf.cfg 2008/05/14  (rcs-revision 1.7)
)
Package pgfsys Info: Driver file for pgf: pgfsys-pdftex.def on input line 900.

(E:\Soft\FullTex\Full_TeX\texmf\tex\generic\pgf\systemlayer\pgfsys-pdftex.def
File: pgfsys-pdftex.def 2009/05/22  (rcs-revision 1.26)

(E:\Soft\FullTex\Full_TeX\texmf\tex\generic\pgf\systemlayer\pgfsys-common-pdf.d
ef
File: pgfsys-common-pdf.def 2008/05/19  (rcs-revision 1.10)
)))
(E:\Soft\FullTex\Full_TeX\texmf\tex\generic\pgf\systemlayer\pgfsyssoftpath.code
.tex
File: pgfsyssoftpath.code.tex 2008/07/18  (rcs-revision 1.7)
\pgfsyssoftpath@smallbuffer@items=\count106
\pgfsyssoftpath@bigbuffer@items=\count107
)
(E:\Soft\FullTex\Full_TeX\texmf\tex\generic\pgf\systemlayer\pgfsysprotocol.code
.tex
File: pgfsysprotocol.code.tex 2006/10/16  (rcs-revision 1.4)
)) (E:\Soft\FullTex\Full_TeX\texmf\tex\latex\xcolor\xcolor.sty
Package: xcolor 2007/01/21 v2.11 LaTeX color extensions (UK)

(E:\Soft\FullTex\Full_TeX\texmf\tex\latex\00miktex\color.cfg
File: color.cfg 2007/01/18 v1.5 color configuration of teTeX/TeXLive
)
Package xcolor Info: Driver file: pdftex.def on input line 225.
LaTeX Info: Redefining \color on input line 702.
Package xcolor Info: Model `cmy' substituted by `cmy0' on input line 1337.
Package xcolor Info: Model `hsb' substituted by `rgb' on input line 1341.
Package xcolor Info: Model `RGB' extended on input line 1353.
Package xcolor Info: Model `HTML' substituted by `rgb' on input line 1355.
Package xcolor Info: Model `Hsb' substituted by `hsb' on input line 1356.
Package xcolor Info: Model `tHsb' substituted by `hsb' on input line 1357.
Package xcolor Info: Model `HSB' substituted by `hsb' on input line 1358.
Package xcolor Info: Model `Gray' substituted by `gray' on input line 1359.
Package xcolor Info: Model `wave' substituted by `hsb' on input line 1360.
)
(E:\Soft\FullTex\Full_TeX\texmf\tex\generic\pgf\basiclayer\pgfcore.code.tex
Package: pgfcore 2010/04/11 v2.10 (rcs-revision 1.7)

(E:\Soft\FullTex\Full_TeX\texmf\tex\generic\pgf\math\pgfmath.code.tex
(E:\Soft\FullTex\Full_TeX\texmf\tex\generic\pgf\math\pgfmathcalc.code.tex
(E:\Soft\FullTex\Full_TeX\texmf\tex\generic\pgf\math\pgfmathutil.code.tex)
(E:\Soft\FullTex\Full_TeX\texmf\tex\generic\pgf\math\pgfmathparser.code.tex
\pgfmath@dimen=\dimen135
\pgfmath@count=\count108
\pgfmath@box=\box30
\pgfmath@toks=\toks34
\pgfmath@stack@operand=\toks35
\pgfmath@stack@operation=\toks36
)
(E:\Soft\FullTex\Full_TeX\texmf\tex\generic\pgf\math\pgfmathfunctions.code.tex
(E:\Soft\FullTex\Full_TeX\texmf\tex\generic\pgf\math\pgfmathfunctions.basic.cod
e.tex)
(E:\Soft\FullTex\Full_TeX\texmf\tex\generic\pgf\math\pgfmathfunctions.trigonome
tric.code.tex)
(E:\Soft\FullTex\Full_TeX\texmf\tex\generic\pgf\math\pgfmathfunctions.random.co
de.tex)
(E:\Soft\FullTex\Full_TeX\texmf\tex\generic\pgf\math\pgfmathfunctions.compariso
n.code.tex)
(E:\Soft\FullTex\Full_TeX\texmf\tex\generic\pgf\math\pgfmathfunctions.base.code
.tex)
(E:\Soft\FullTex\Full_TeX\texmf\tex\generic\pgf\math\pgfmathfunctions.round.cod
e.tex)
(E:\Soft\FullTex\Full_TeX\texmf\tex\generic\pgf\math\pgfmathfunctions.misc.code
.tex)))
(E:\Soft\FullTex\Full_TeX\texmf\tex\generic\pgf\math\pgfmathfloat.code.tex
\c@pgfmathroundto@lastzeros=\count109
))
(E:\Soft\FullTex\Full_TeX\texmf\tex\generic\pgf\basiclayer\pgfcorepoints.code.t
ex
File: pgfcorepoints.code.tex 2010/04/09  (rcs-revision 1.20)
\pgf@picminx=\dimen136
\pgf@picmaxx=\dimen137
\pgf@picminy=\dimen138
\pgf@picmaxy=\dimen139
\pgf@pathminx=\dimen140
\pgf@pathmaxx=\dimen141
\pgf@pathminy=\dimen142
\pgf@pathmaxy=\dimen143
\pgf@xx=\dimen144
\pgf@xy=\dimen145
\pgf@yx=\dimen146
\pgf@yy=\dimen147
\pgf@zx=\dimen148
\pgf@zy=\dimen149
)
(E:\Soft\FullTex\Full_TeX\texmf\tex\generic\pgf\basiclayer\pgfcorepathconstruct
.code.tex
File: pgfcorepathconstruct.code.tex 2010/08/03  (rcs-revision 1.24)
\pgf@path@lastx=\dimen150
\pgf@path@lasty=\dimen151
)
(E:\Soft\FullTex\Full_TeX\texmf\tex\generic\pgf\basiclayer\pgfcorepathusage.cod
e.tex
File: pgfcorepathusage.code.tex 2008/04/22  (rcs-revision 1.12)
\pgf@shorten@end@additional=\dimen152
\pgf@shorten@start@additional=\dimen153
)
(E:\Soft\FullTex\Full_TeX\texmf\tex\generic\pgf\basiclayer\pgfcorescopes.code.t
ex
File: pgfcorescopes.code.tex 2010/09/08  (rcs-revision 1.34)
\pgfpic=\box31
\pgf@hbox=\box32
\pgf@layerbox@main=\box33
\pgf@picture@serial@count=\count110
)
(E:\Soft\FullTex\Full_TeX\texmf\tex\generic\pgf\basiclayer\pgfcoregraphicstate.
code.tex
File: pgfcoregraphicstate.code.tex 2008/04/22  (rcs-revision 1.9)
\pgflinewidth=\dimen154
)
(E:\Soft\FullTex\Full_TeX\texmf\tex\generic\pgf\basiclayer\pgfcoretransformatio
ns.code.tex
File: pgfcoretransformations.code.tex 2009/06/10  (rcs-revision 1.11)
\pgf@pt@x=\dimen155
\pgf@pt@y=\dimen156
\pgf@pt@temp=\dimen157
)
(E:\Soft\FullTex\Full_TeX\texmf\tex\generic\pgf\basiclayer\pgfcorequick.code.te
x
File: pgfcorequick.code.tex 2008/10/09  (rcs-revision 1.3)
)
(E:\Soft\FullTex\Full_TeX\texmf\tex\generic\pgf\basiclayer\pgfcoreobjects.code.
tex
File: pgfcoreobjects.code.tex 2006/10/11  (rcs-revision 1.2)
)
(E:\Soft\FullTex\Full_TeX\texmf\tex\generic\pgf\basiclayer\pgfcorepathprocessin
g.code.tex
File: pgfcorepathprocessing.code.tex 2008/10/09  (rcs-revision 1.8)
)
(E:\Soft\FullTex\Full_TeX\texmf\tex\generic\pgf\basiclayer\pgfcorearrows.code.t
ex
File: pgfcorearrows.code.tex 2008/04/23  (rcs-revision 1.11)
)
(E:\Soft\FullTex\Full_TeX\texmf\tex\generic\pgf\basiclayer\pgfcoreshade.code.te
x
File: pgfcoreshade.code.tex 2008/11/23  (rcs-revision 1.13)
\pgf@max=\dimen158
\pgf@sys@shading@range@num=\count111
)
(E:\Soft\FullTex\Full_TeX\texmf\tex\generic\pgf\basiclayer\pgfcoreimage.code.te
x
File: pgfcoreimage.code.tex 2010/03/25  (rcs-revision 1.16)

(E:\Soft\FullTex\Full_TeX\texmf\tex\generic\pgf\basiclayer\pgfcoreexternal.code
.tex
File: pgfcoreexternal.code.tex 2010/09/01  (rcs-revision 1.17)
\pgfexternal@startupbox=\box34
))
(E:\Soft\FullTex\Full_TeX\texmf\tex\generic\pgf\basiclayer\pgfcorelayers.code.t
ex
File: pgfcorelayers.code.tex 2010/08/27  (rcs-revision 1.2)
)
(E:\Soft\FullTex\Full_TeX\texmf\tex\generic\pgf\basiclayer\pgfcoretransparency.
code.tex
File: pgfcoretransparency.code.tex 2008/01/17  (rcs-revision 1.2)
)
(E:\Soft\FullTex\Full_TeX\texmf\tex\generic\pgf\basiclayer\pgfcorepatterns.code
.tex
File: pgfcorepatterns.code.tex 2009/07/02  (rcs-revision 1.3)
)))
(E:\Soft\FullTex\Full_TeX\texmf\tex\generic\pgf\modules\pgfmoduleshapes.code.te
x
File: pgfmoduleshapes.code.tex 2010/09/09  (rcs-revision 1.13)
\pgfnodeparttextbox=\box35
)
(E:\Soft\FullTex\Full_TeX\texmf\tex\generic\pgf\modules\pgfmoduleplot.code.tex
File: pgfmoduleplot.code.tex 2010/10/22  (rcs-revision 1.8)
)
(E:\Soft\FullTex\Full_TeX\texmf\tex\latex\pgf\compatibility\pgfcomp-version-0-6
5.sty
Package: pgfcomp-version-0-65 2007/07/03 v2.10 (rcs-revision 1.7)
\pgf@nodesepstart=\dimen159
\pgf@nodesepend=\dimen160
)
(E:\Soft\FullTex\Full_TeX\texmf\tex\latex\pgf\compatibility\pgfcomp-version-1-1
8.sty
Package: pgfcomp-version-1-18 2007/07/23 v2.10 (rcs-revision 1.1)
)) (E:\Soft\FullTex\Full_TeX\texmf\tex\latex\pgf\utilities\pgffor.sty
(E:\Soft\FullTex\Full_TeX\texmf\tex\latex\pgf\utilities\pgfkeys.sty
(E:\Soft\FullTex\Full_TeX\texmf\tex\generic\pgf\utilities\pgfkeys.code.tex))
(E:\Soft\FullTex\Full_TeX\texmf\tex\generic\pgf\utilities\pgffor.code.tex
Package: pgffor 2010/03/23 v2.10 (rcs-revision 1.18)
\pgffor@iter=\dimen161
\pgffor@skip=\dimen162
\pgffor@stack=\toks37
\pgffor@toks=\toks38
))
(E:\Soft\FullTex\Full_TeX\texmf\tex\generic\pgf\frontendlayer\tikz\tikz.code.te
x
Package: tikz 2010/10/13 v2.10 (rcs-revision 1.76)

(E:\Soft\FullTex\Full_TeX\texmf\tex\generic\pgf\libraries\pgflibraryplothandler
s.code.tex
File: pgflibraryplothandlers.code.tex 2010/05/31 v2.10 (rcs-revision 1.15)
\pgf@plot@mark@count=\count112
\pgfplotmarksize=\dimen163
)
\tikz@lastx=\dimen164
\tikz@lasty=\dimen165
\tikz@lastxsaved=\dimen166
\tikz@lastysaved=\dimen167
\tikzleveldistance=\dimen168
\tikzsiblingdistance=\dimen169
\tikz@figbox=\box36
\tikz@tempbox=\box37
\tikztreelevel=\count113
\tikznumberofchildren=\count114
\tikznumberofcurrentchild=\count115
\tikz@fig@count=\count116

(E:\Soft\FullTex\Full_TeX\texmf\tex\generic\pgf\modules\pgfmodulematrix.code.te
x
File: pgfmodulematrix.code.tex 2010/08/24  (rcs-revision 1.4)
\pgfmatrixcurrentrow=\count117
\pgfmatrixcurrentcolumn=\count118
\pgf@matrix@numberofcolumns=\count119
)
\tikz@expandcount=\count120

(E:\Soft\FullTex\Full_TeX\texmf\tex\generic\pgf\frontendlayer\tikz\libraries\ti
kzlibrarytopaths.code.tex
File: tikzlibrarytopaths.code.tex 2008/06/17 v2.10 (rcs-revision 1.2)
)))
(E:\Soft\FullTex\Full_TeX\texmf\tex\latex\pgfplots\pgfplots.sty
(E:\Soft\FullTex\Full_TeX\texmf\tex\generic\pgfplots\pgfplots.revision.tex)
Package: pgfplots 2013/10/03 v1.9 Data Visualization (1.9)

(E:\Soft\FullTex\Full_TeX\texmf\tex\generic\pgfplots\pgfplots.code.tex
(E:\Soft\FullTex\Full_TeX\texmf\tex\generic\pgfplots\pgfplotscore.code.tex
\t@pgfplots@toka=\toks39
\t@pgfplots@tokb=\toks40
\t@pgfplots@tokc=\toks41
\pgfplots@tmpa=\dimen170
\c@pgfplots@coordindex=\count121
\c@pgfplots@scanlineindex=\count122

(E:\Soft\FullTex\Full_TeX\texmf\tex\generic\pgfplots\sys\pgfplotssysgeneric.cod
e.tex))
(E:\Soft\FullTex\Full_TeX\texmf\tex\generic\pgfplots\libs\pgfplotslibrary.code.
tex)
(E:\Soft\FullTex\Full_TeX\texmf\tex\generic\pgfplots\oldpgfcompatib\pgfplotsold
pgfsupp_loader.code.tex
Package pgfplots: loading complementary code for your PGF version...

(E:\Soft\FullTex\Full_TeX\texmf\tex\generic\pgfplots\oldpgfcompatib\pgfplotsold
pgfsupp_misc.code.tex)
(E:\Soft\FullTex\Full_TeX\texmf\tex\generic\pgfplots\oldpgfcompatib\pgfplotsold
pgfsupp_pgfkeys.code.tex
\pgfkeys@pathtoks=\toks42
\pgfkeys@temptoks=\toks43

(E:\Soft\FullTex\Full_TeX\texmf\tex\generic\pgfplots\oldpgfcompatib\pgfplotsold
pgfsupp_pgfkeysfiltered.code.tex
\pgfkeys@tmptoks=\toks44
))
(E:\Soft\FullTex\Full_TeX\texmf\tex\generic\pgfplots\oldpgfcompatib\pgfplotsold
pgfsupp_pgfmathfloat.code.tex
\c@pgfmathroundto@lastzeros=\count123
)
(E:\Soft\FullTex\Full_TeX\texmf\tex\generic\pgfplots\oldpgfcompatib\pgfplotsold
pgfsupp_pgflibraryplothandlers.code.tex
File: pgflibraryplothandlers.code.tex 2012/09/11 v2.10 (rcs-revision 1.17)
\pgf@plot@mark@count=\count124
\pgfplotmarksize=\dimen171
)
(E:\Soft\FullTex\Full_TeX\texmf\tex\generic\pgfplots\oldpgfcompatib\pgfplotsold
pgfsupp_pgflibraryfpu.code.tex)
(E:\Soft\FullTex\Full_TeX\texmf\tex\generic\pgfplots\oldpgfcompatib\pgfplotsold
pgfsupp_pgfcorescopes.code.tex
File: pgfcorescopes.code.tex 2012/11/30  (rcs-revision 1.38)
\pgfpic=\box38
\pgf@hbox=\box39
\pgf@layerbox@main=\box40
\pgf@picture@serial@count=\count125
)
(E:\Soft\FullTex\Full_TeX\texmf\tex\generic\pgfplots\oldpgfcompatib\pgfplotsold
pgfsupp_pgfcorelayers.code.tex
File: pgfcorelayers.code.tex 2012/11/07  (rcs-revision 1.5)
))
(E:\Soft\FullTex\Full_TeX\texmf\tex\generic\pgfplots\util\pgfplotsutil.code.tex

(E:\Soft\FullTex\Full_TeX\texmf\tex\generic\pgfplots\liststructure\pgfplotslist
structure.code.tex)
(E:\Soft\FullTex\Full_TeX\texmf\tex\generic\pgfplots\liststructure\pgfplotslist
structureext.code.tex)
(E:\Soft\FullTex\Full_TeX\texmf\tex\generic\pgfplots\liststructure\pgfplotsarra
y.code.tex
\c@pgfplotsarray@tmp=\count126
)
(E:\Soft\FullTex\Full_TeX\texmf\tex\generic\pgfplots\liststructure\pgfplotsmatr
ix.code.tex)
(E:\Soft\FullTex\Full_TeX\texmf\tex\generic\pgfplots\numtable\pgfplotstableshar
ed.code.tex
\c@pgfplotstable@counta=\count127
\t@pgfplotstable@a=\toks45
)
(E:\Soft\FullTex\Full_TeX\texmf\tex\generic\pgfplots\liststructure\pgfplotsdequ
e.code.tex)
(E:\Soft\FullTex\Full_TeX\texmf\tex\generic\pgfplots\util\pgfplotsbinary.code.t
ex
(E:\Soft\FullTex\Full_TeX\texmf\tex\generic\pgfplots\util\pgfplotsbinary.data.c
ode.tex))
(E:\Soft\FullTex\Full_TeX\texmf\tex\generic\pgfplots\util\pgfplotsutil.verb.cod
e.tex)
(E:\Soft\FullTex\Full_TeX\texmf\tex\generic\pgfplots\libs\pgflibrarypgfplots.su
rfshading.code.tex
\c@pgfplotslibrarysurf@no=\count128

(E:\Soft\FullTex\Full_TeX\texmf\tex\generic\pgfplots\sys\pgflibrarypgfplots.sur
fshading.pgfsys-pdftex.def)))
(E:\Soft\FullTex\Full_TeX\texmf\tex\generic\pgfplots\util\pgfplotscolormap.code
.tex
(E:\Soft\FullTex\Full_TeX\texmf\tex\generic\pgfplots\util\pgfplotscolor.code.te
x))
(E:\Soft\FullTex\Full_TeX\texmf\tex\generic\pgfplots\pgfplotsstackedplots.code.
tex)
(E:\Soft\FullTex\Full_TeX\texmf\tex\generic\pgfplots\pgfplotsplothandlers.code.
tex
(E:\Soft\FullTex\Full_TeX\texmf\tex\generic\pgfplots\pgfplotsmeshplothandler.co
de.tex))
(E:\Soft\FullTex\Full_TeX\texmf\tex\generic\pgfplots\pgfplots.scaling.code.tex)

(E:\Soft\FullTex\Full_TeX\texmf\tex\generic\pgfplots\pgfplotscoordprocessing.co
de.tex)
(E:\Soft\FullTex\Full_TeX\texmf\tex\generic\pgfplots\pgfplots.errorbars.code.te
x)
(E:\Soft\FullTex\Full_TeX\texmf\tex\generic\pgfplots\pgfplots.markers.code.tex)
(E:\Soft\FullTex\Full_TeX\texmf\tex\generic\pgfplots\pgfplotsticks.code.tex)
(E:\Soft\FullTex\Full_TeX\texmf\tex\generic\pgfplots\pgfplots.paths.code.tex)
(E:\Soft\FullTex\Full_TeX\texmf\tex\generic\pgf\frontendlayer\tikz\libraries\ti
kzlibrarydecorations.code.tex
(E:\Soft\FullTex\Full_TeX\texmf\tex\generic\pgf\modules\pgfmoduledecorations.co
de.tex
\pgfdecoratedcompleteddistance=\dimen172
\pgfdecoratedremainingdistance=\dimen173
\pgfdecoratedinputsegmentcompleteddistance=\dimen174
\pgfdecoratedinputsegmentremainingdistance=\dimen175
\pgf@decorate@distancetomove=\dimen176
\pgf@decorate@repeatstate=\count129
\pgfdecorationsegmentamplitude=\dimen177
\pgfdecorationsegmentlength=\dimen178
)
\tikz@lib@dec@box=\box41
)
(E:\Soft\FullTex\Full_TeX\texmf\tex\generic\pgf\frontendlayer\tikz\libraries\ti
kzlibrarydecorations.pathmorphing.code.tex
(E:\Soft\FullTex\Full_TeX\texmf\tex\generic\pgf\libraries\decorations\pgflibrar
ydecorations.pathmorphing.code.tex))
(E:\Soft\FullTex\Full_TeX\texmf\tex\generic\pgf\frontendlayer\tikz\libraries\ti
kzlibrarydecorations.pathreplacing.code.tex
(E:\Soft\FullTex\Full_TeX\texmf\tex\generic\pgf\libraries\decorations\pgflibrar
ydecorations.pathreplacing.code.tex))
\pgfplots@numplots=\count130
\pgfplots@xmin@reg=\dimen179
\pgfplots@xmax@reg=\dimen180
\pgfplots@ymin@reg=\dimen181
\pgfplots@ymax@reg=\dimen182
\pgfplots@zmin@reg=\dimen183
\pgfplots@zmax@reg=\dimen184
)
(E:\Soft\FullTex\Full_TeX\texmf\tex\generic\pgf\frontendlayer\tikz\libraries\ti
kzlibraryplotmarks.code.tex
File: tikzlibraryplotmarks.code.tex 2008/01/09 v2.10 (rcs-revision 1.1)

(E:\Soft\FullTex\Full_TeX\texmf\tex\generic\pgf\libraries\pgflibraryplotmarks.c
ode.tex
File: pgflibraryplotmarks.code.tex 2010/10/15 v2.10 (rcs-revision 1.12)
))) (E:\Soft\FullTex\Full_TeX\texmf\tex\latex\tools\calc.sty
Package: calc 2007/08/22 v4.3 Infix arithmetic (KKT,FJ)
\calc@Acount=\count131
\calc@Bcount=\count132
\calc@Adimen=\dimen185
\calc@Bdimen=\dimen186
\calc@Askip=\skip51
\calc@Bskip=\skip52
LaTeX Info: Redefining \setlength on input line 76.
LaTeX Info: Redefining \addtolength on input line 77.
\calc@Ccount=\count133
\calc@Cskip=\skip53
)
(E:\Soft\FullTex\Full_TeX\texmf\tex\latex\hyperref\hyperref.sty
Package: hyperref 2012/11/06 v6.83m Hypertext links for LaTeX

(E:\Soft\FullTex\Full_TeX\texmf\tex\generic\oberdiek\hobsub-hyperref.sty
Package: hobsub-hyperref 2012/04/25 v1.12 Bundle oberdiek, subset hyperref (HO)


(E:\Soft\FullTex\Full_TeX\texmf\tex\generic\oberdiek\hobsub-generic.sty
Package: hobsub-generic 2012/04/25 v1.12 Bundle oberdiek, subset generic (HO)
Package: hobsub 2012/04/25 v1.12 Construct package bundles (HO)
Package hobsub Info: Skipping package `infwarerr' (already loaded).
Package hobsub Info: Skipping package `ltxcmds' (already loaded).
Package: ifluatex 2010/03/01 v1.3 Provides the ifluatex switch (HO)
Package ifluatex Info: LuaTeX not detected.
Package: ifvtex 2010/03/01 v1.5 Detect VTeX and its facilities (HO)
Package ifvtex Info: VTeX not detected.
Package: intcalc 2007/09/27 v1.1 Expandable calculations with integers (HO)
Package: ifpdf 2011/01/30 v2.3 Provides the ifpdf switch (HO)
Package ifpdf Info: pdfTeX in PDF mode is detected.
Package: etexcmds 2011/02/16 v1.5 Avoid name clashes with e-TeX commands (HO)
Package etexcmds Info: Could not find \expanded.
(etexcmds)             That can mean that you are not using pdfTeX 1.50 or
(etexcmds)             that some package has redefined \expanded.
(etexcmds)             In the latter case, load this package earlier.
Package: kvsetkeys 2012/04/25 v1.16 Key value parser (HO)
Package: kvdefinekeys 2011/04/07 v1.3 Define keys (HO)
Package: pdftexcmds 2011/11/29 v0.20 Utility functions of pdfTeX for LuaTeX (HO
)
Package pdftexcmds Info: LuaTeX not detected.
Package pdftexcmds Info: \pdf@primitive is available.
Package pdftexcmds Info: \pdf@ifprimitive is available.
Package pdftexcmds Info: \pdfdraftmode found.
Package: pdfescape 2011/11/25 v1.13 Implements pdfTeX's escape features (HO)
Package: bigintcalc 2012/04/08 v1.3 Expandable calculations on big integers (HO
)
Package: bitset 2011/01/30 v1.1 Handle bit-vector datatype (HO)
Package: uniquecounter 2011/01/30 v1.2 Provide unlimited unique counter (HO)
)
Package hobsub Info: Skipping package `hobsub' (already loaded).
Package: letltxmacro 2010/09/02 v1.4 Let assignment for LaTeX macros (HO)
Package: hopatch 2011/06/24 v1.1 Wrapper for package hooks (HO)
Package: xcolor-patch 2011/01/30 xcolor patch
Package: atveryend 2011/06/30 v1.8 Hooks at the very end of document (HO)
Package atveryend Info: \enddocument detected (standard20110627).
Package: atbegshi 2011/10/05 v1.16 At begin shipout hook (HO)
Package: refcount 2011/10/16 v3.4 Data extraction from label references (HO)
Package: hycolor 2011/01/30 v1.7 Color options for hyperref/bookmark (HO)
)
(E:\Soft\FullTex\Full_TeX\texmf\tex\generic\ifxetex\ifxetex.sty
Package: ifxetex 2010/09/12 v0.6 Provides ifxetex conditional
)
(E:\Soft\FullTex\Full_TeX\texmf\tex\latex\oberdiek\auxhook.sty
Package: auxhook 2011/03/04 v1.3 Hooks for auxiliary files (HO)
)
(E:\Soft\FullTex\Full_TeX\texmf\tex\latex\oberdiek\kvoptions.sty
Package: kvoptions 2011/06/30 v3.11 Key value format for package options (HO)
)
\@linkdim=\dimen187
\Hy@linkcounter=\count134
\Hy@pagecounter=\count135

(E:\Soft\FullTex\Full_TeX\texmf\tex\latex\hyperref\pd1enc.def
File: pd1enc.def 2012/11/06 v6.83m Hyperref: PDFDocEncoding definition (HO)
)
\Hy@SavedSpaceFactor=\count136

(E:\Soft\FullTex\Full_TeX\texmf\tex\latex\00miktex\hyperref.cfg
File: hyperref.cfg 2002/06/06 v1.2 hyperref configuration of TeXLive
)
Package hyperref Info: Option `colorlinks' set `true' on input line 4319.
Package hyperref Info: Hyper figures OFF on input line 4443.
Package hyperref Info: Link nesting OFF on input line 4448.
Package hyperref Info: Hyper index ON on input line 4451.
Package hyperref Info: Plain pages OFF on input line 4458.
Package hyperref Info: Backreferencing OFF on input line 4463.
Package hyperref Info: Implicit mode ON; LaTeX internals redefined.
Package hyperref Info: Bookmarks ON on input line 4688.
\c@Hy@tempcnt=\count137

(E:\Soft\FullTex\Full_TeX\texmf\tex\latex\url\url.sty
\Urlmuskip=\muskip11
Package: url 2006/04/12  ver 3.3  Verb mode for urls, etc.
)
LaTeX Info: Redefining \url on input line 5041.
\XeTeXLinkMargin=\dimen188
\Fld@menulength=\count138
\Field@Width=\dimen189
\Fld@charsize=\dimen190
Package hyperref Info: Hyper figures OFF on input line 6295.
Package hyperref Info: Link nesting OFF on input line 6300.
Package hyperref Info: Hyper index ON on input line 6303.
Package hyperref Info: backreferencing OFF on input line 6310.
Package hyperref Info: Link coloring ON on input line 6313.
Package hyperref Info: Link coloring with OCG OFF on input line 6320.
Package hyperref Info: PDF/A mode OFF on input line 6325.
LaTeX Info: Redefining \ref on input line 6365.
LaTeX Info: Redefining \pageref on input line 6369.
\Hy@abspage=\count139
\c@Item=\count140
\c@Hfootnote=\count141
)

Package hyperref Message: Driver: hpdftex.

(E:\Soft\FullTex\Full_TeX\texmf\tex\latex\hyperref\hpdftex.def
File: hpdftex.def 2012/11/06 v6.83m Hyperref driver for pdfTeX
\Fld@listcount=\count142
\c@bookmark@seq@number=\count143

(E:\Soft\FullTex\Full_TeX\texmf\tex\latex\oberdiek\rerunfilecheck.sty
Package: rerunfilecheck 2011/04/15 v1.7 Rerun checks for auxiliary files (HO)
Package uniquecounter Info: New unique counter `rerunfilecheck' on input line 2
82.
)
\Hy@SectionHShift=\skip54
)
\c@definition=\count144
\c@lemma=\count145
\c@theorem=\count146
\c@corollary=\count147
\c@proposition=\count148
)
(E:\Soft\FullTex\Full_TeX\texmf\tex\latex\mathtools\mathtools.sty
Package: mathtools 2024/10/04 v1.31 mathematical typesetting tools

(E:\Soft\FullTex\Full_TeX\texmf\tex\latex\mhsetup\mhsetup.sty
Package: mhsetup 2021/03/18 v1.4 programming setup (MH)
)

LaTeX Warning: You have requested, on input line 122, version
               `2016/11/05' of package amsmath,
               but only version
               `2013/01/14 v2.14 AMS math features'
               is available.

\g_MT_multlinerow_int=\count149
\l_MT_multwidth_dim=\dimen191
\origjot=\skip55
\l_MT_shortvdotswithinadjustabove_dim=\dimen192
\l_MT_shortvdotswithinadjustbelow_dim=\dimen193
\l_MT_above_intertext_sep=\dimen194
\l_MT_below_intertext_sep=\dimen195
\l_MT_above_shortintertext_sep=\dimen196
\l_MT_below_shortintertext_sep=\dimen197
\xmathstrut@box=\box42
\xmathstrut@dim=\dimen198
) (E:\Soft\FullTex\Full_TeX\texmf\tex\latex\ltxmisc\varwidth.sty
Package: varwidth 2009/03/30 ver 0.92;  Variable-width minipages
\@vwid@box=\box43
\sift@deathcycles=\count150
\@vwid@loff=\dimen199
\@vwid@roff=\dimen200
)
(E:\Soft\FullTex\Full_TeX\texmf\tex\latex\algorithmicx\algorithmicx.sty
Package: algorithmicx 2005/04/27 v1.2 Algorithmicx

(E:\Soft\FullTex\Full_TeX\texmf\tex\latex\base\ifthen.sty
Package: ifthen 2001/05/26 v1.1c Standard LaTeX ifthen package (DPC)
)
Document Style algorithmicx 1.2 - a greatly improved `algorithmic' style
\c@ALG@line=\count151
\c@ALG@rem=\count152
\c@ALG@nested=\count153
\ALG@tlm=\skip56
\ALG@thistlm=\skip57
\c@ALG@Lnr=\count154
\c@ALG@blocknr=\count155
\c@ALG@storecount=\count156
\c@ALG@tmpcounter=\count157
\ALG@tmplength=\skip58
) (E:\Soft\FullTex\Full_TeX\texmf\tex\latex\algorithms\algorithm.sty
Package: algorithm 2009/08/24 v0.1 Document Style `algorithm' - floating enviro
nment

(E:\Soft\FullTex\Full_TeX\texmf\tex\latex\float\float.sty
Package: float 2001/11/08 v1.3d Float enhancements (AL)
\c@float@type=\count158
\float@exts=\toks46
\float@box=\box44
\@float@everytoks=\toks47
\@floatcapt=\box45
)
\@float@every@algorithm=\toks48
\c@algorithm=\count159
)
(E:\Soft\FullTex\Full_TeX\texmf\tex\latex\algorithmicx\algcompatible.sty
Package: algcompatible 

Document Style - algorithmic compatible environments for the `algorithmicx' sty
le
) (E:\Soft\FullTex\Full_TeX\texmf\tex\latex\algorithmicx\algpseudocode.sty
Package: algpseudocode 

Document Style - pseudocode environments for use with the `algorithmicx' style
) (E:\Files\masters_thesis\Nikonov_latex_eng\Nikonov_2020_02_20.aux

LaTeX Warning: Label `' multiply defined.


LaTeX Warning: Label `table1' multiply defined.


LaTeX Warning: Label `' multiply defined.

)
LaTeX Font Info:    Checking defaults for OML/cmm/m/it on input line 28.
LaTeX Font Info:    ... okay on input line 28.
LaTeX Font Info:    Checking defaults for T1/cmr/m/n on input line 28.
LaTeX Font Info:    ... okay on input line 28.
LaTeX Font Info:    Checking defaults for OT1/cmr/m/n on input line 28.
LaTeX Font Info:    ... okay on input line 28.
LaTeX Font Info:    Checking defaults for OMS/cmsy/m/n on input line 28.
LaTeX Font Info:    ... okay on input line 28.
LaTeX Font Info:    Checking defaults for OMX/cmex/m/n on input line 28.
LaTeX Font Info:    ... okay on input line 28.
LaTeX Font Info:    Checking defaults for U/cmr/m/n on input line 28.
LaTeX Font Info:    ... okay on input line 28.
LaTeX Font Info:    Checking defaults for PD1/pdf/m/n on input line 28.
LaTeX Font Info:    ... okay on input line 28.
 (E:\Soft\FullTex\Full_TeX\texmf\tex\context\base\supp-pdf.mkii
[Loading MPS to PDF converter (version 2006.09.02).]
\scratchcounter=\count160
\scratchdimen=\dimen201
\scratchbox=\box46
\nofMPsegments=\count161
\nofMParguments=\count162
\everyMPshowfont=\toks49
\MPscratchCnt=\count163
\MPscratchDim=\dimen202
\MPnumerator=\count164
\makeMPintoPDFobject=\count165
\everyMPtoPDFconversion=\toks50
) ABD: EveryShipout initializing macros

Package pgfplots Warning: running in backwards compatibility mode (unsuitable t
ick labels; missing features). Consider writing \pgfplotsset{compat=1.9} into y
our preamble.
 on input line 28.

\AtBeginShipoutBox=\box47
Package hyperref Info: Link coloring ON on input line 28.
(E:\Soft\FullTex\Full_TeX\texmf\tex\latex\hyperref\nameref.sty
Package: nameref 2012/10/27 v2.43 Cross-referencing by name of section

(E:\Soft\FullTex\Full_TeX\texmf\tex\generic\oberdiek\gettitlestring.sty
Package: gettitlestring 2010/12/03 v1.4 Cleanup title references (HO)
)
\c@section@level=\count166
)
LaTeX Info: Redefining \ref on input line 28.
LaTeX Info: Redefining \pageref on input line 28.
LaTeX Info: Redefining \nameref on input line 28.

(E:\Files\masters_thesis\Nikonov_latex_eng\Nikonov_2020_02_20.out)
(E:\Files\masters_thesis\Nikonov_latex_eng\Nikonov_2020_02_20.out)
\@outlinefile=\write4
LaTeX Font Info:    Try loading font information for U+msa on input line 37.

(E:\Soft\FullTex\Full_TeX\texmf\tex\latex\amsfonts\umsa.fd
File: umsa.fd 2013/01/14 v3.01 AMS symbols A
)
LaTeX Font Info:    Try loading font information for U+msb on input line 37.

(E:\Soft\FullTex\Full_TeX\texmf\tex\latex\amsfonts\umsb.fd
File: umsb.fd 2013/01/14 v3.01 AMS symbols B
)
LaTeX Font Info:    Try loading font information for U+lasy on input line 37.

(E:\Soft\FullTex\Full_TeX\texmf\tex\latex\base\ulasy.fd
File: ulasy.fd 1998/08/17 v2.2e LaTeX symbol font definitions
)

LaTeX Font Warning: Font shape `OT1/cmr/bx/sc' undefined
(Font)              using `OT1/cmr/bx/n' instead on input line 37.


Overfull \hbox (2.37604pt too wide) in paragraph at lines 37--37
 []  
 []


Underfull \hbox (badness 10000) detected at line 37
[] []
 []


Package hyperref Warning: Ignoring empty anchor on input line 100.

LaTeX Font Info:    Try loading font information for OMS+cmr on input line 100.

(E:\Soft\FullTex\Full_TeX\texmf\tex\latex\base\omscmr.fd
File: omscmr.fd 1999/05/25 v2.5h Standard LaTeX font definitions
)
LaTeX Font Info:    Font shape `OMS/cmr/m/n' in size <10.95> not available
(Font)              Font shape `OMS/cmsy/m/n' tried instead on input line 100.
 [1

{E:/Soft/FullTex/Full_TeX/texmf/pdftex/config/pdftex.map}]
Overfull \vbox (4.35007pt too high) has occurred while \output is active []


[2]
Overfull \vbox (4.35007pt too high) has occurred while \output is active []


[3pdfTeX warning (ext4): destination with the same identifier (name{equation.2.
1}) has been already used, duplicate ignored

\@EveryShipout@Output ...@Org@Shipout \box \@cclv 
                                                  
l.240 \end{equation}
                    pdfTeX warning (ext4): destination with the same identifier
 (name{equation.2.2}) has been already used, duplicate ignored

\@EveryShipout@Output ...@Org@Shipout \box \@cclv 
                                                  
l.240 \end{equation}
                    pdfTeX warning (ext4): destination with the same identifier
 (name{equation.2.2}) has been already used, duplicate ignored

\@EveryShipout@Output ...@Org@Shipout \box \@cclv 
                                                  
l.240 \end{equation}
                    pdfTeX warning (ext4): destination with the same identifier
 (name{equation.2.2}) has been already used, duplicate ignored

\@EveryShipout@Output ...@Org@Shipout \box \@cclv 
                                                  
l.240 \end{equation}
                    pdfTeX warning (ext4): destination with the same identifier
 (name{equation.2.2}) has been already used, duplicate ignored

\@EveryShipout@Output ...@Org@Shipout \box \@cclv 
                                                  
l.240 \end{equation}
                    ]pdfTeX warning (ext4): destination with the same identifie
r (name{equation.2.3}) has been already used, duplicate ignored
<to be read again> 
                   \relax 
l.244 \begin{equation}
                      \label{basis} \big\{\hat{\sigma}_{k_1\ldots{}k_n} \big...
pdfTeX warning (ext4): destination with the same identifier (name{equation.2.3}
) has been already used, duplicate ignored
<to be read again> 
                   \relax 
l.244 \begin{equation}
                      \label{basis} \big\{\hat{\sigma}_{k_1\ldots{}k_n} \big...
pdfTeX warning (ext4): destination with the same identifier (name{equation.2.3}
) has been already used, duplicate ignored
<to be read again> 
                   \relax 
l.244 \begin{equation}
                      \label{basis} \big\{\hat{\sigma}_{k_1\ldots{}k_n} \big...
pdfTeX warning (ext4): destination with the same identifier (name{equation.2.3}
) has been already used, duplicate ignored
<to be read again> 
                   \relax 
l.244 \begin{equation}
                      \label{basis} \big\{\hat{\sigma}_{k_1\ldots{}k_n} \big...

Package amsmath Warning: Foreign command \atop;
(amsmath)                \frac or \genfrac should be used instead
(amsmath)                 on input line 278.


Overfull \vbox (4.35007pt too high) has occurred while \output is active []


[4pdfTeX warning (ext4): destination with the same identifier (name{equation.2.
3}) has been already used, duplicate ignored

\@EveryShipout@Output ...@Org@Shipout \box \@cclv 
                                                  
l.295 \end{equation}
                    pdfTeX warning (ext4): destination with the same identifier
 (name{equation.2.4}) has been already used, duplicate ignored

\@EveryShipout@Output ...@Org@Shipout \box \@cclv 
                                                  
l.295 \end{equation}
                    pdfTeX warning (ext4): destination with the same identifier
 (name{equation.2.5}) has been already used, duplicate ignored

\@EveryShipout@Output ...@Org@Shipout \box \@cclv 
                                                  
l.295 \end{equation}
                    pdfTeX warning (ext4): destination with the same identifier
 (name{equation.2.5}) has been already used, duplicate ignored

\@EveryShipout@Output ...@Org@Shipout \box \@cclv 
                                                  
l.295 \end{equation}
                    ]
Overfull \vbox (4.35007pt too high) has occurred while \output is active []


[5pdfTeX warning (ext4): destination with the same identifier (name{equation.3.
7}) has been already used, duplicate ignored

\@EveryShipout@Output ...@Org@Shipout \box \@cclv 
                                                  
l.326 A
       s an example, we write down one of the practically useful states in t...
pdfTeX warning (ext4): destination with the same identifier (name{equation.3.7}
) has been already used, duplicate ignored

\@EveryShipout@Output ...@Org@Shipout \box \@cclv 
                                                  
l.326 A
       s an example, we write down one of the practically useful states in t...
]
Overfull \vbox (4.35007pt too high) has occurred while \output is active []


[6pdfTeX warning (ext4): destination with the same identifier (name{equation.3.
7}) has been already used, duplicate ignored

\@EveryShipout@Output ...@Org@Shipout \box \@cclv 
                                                  
l.393 \end{table}
                 pdfTeX warning (ext4): destination with the same identifier (n
ame{equation.4.8}) has been already used, duplicate ignored

\@EveryShipout@Output ...@Org@Shipout \box \@cclv 
                                                  
l.393 \end{table}
                 pdfTeX warning (ext4): destination with the same identifier (n
ame{equation.4.8}) has been already used, duplicate ignored

\@EveryShipout@Output ...@Org@Shipout \box \@cclv 
                                                  
l.393 \end{table}
                 pdfTeX warning (ext4): destination with the same identifier (n
ame{equation.4.8}) has been already used, duplicate ignored

\@EveryShipout@Output ...@Org@Shipout \box \@cclv 
                                                  
l.393 \end{table}
                 ]
LaTeX Font Info:    Try loading font information for U+euf on input line 424.
 (E:\Soft\FullTex\Full_TeX\texmf\tex\latex\amsfonts\ueuf.fd
File: ueuf.fd 2013/01/14 v3.01 Euler Fraktur
)
Overfull \vbox (4.35007pt too high) has occurred while \output is active []


[7pdfTeX warning (ext4): destination with the same identifier (name{equation.4.
8}) has been already used, duplicate ignored

\@EveryShipout@Output ...@Org@Shipout \box \@cclv 
                                                  
l.433 \end{equation}
                    pdfTeX warning (ext4): destination with the same identifier
 (name{table.1}) has been already used, duplicate ignored

\@EveryShipout@Output ...@Org@Shipout \box \@cclv 
                                                  
l.433 \end{equation}
                    pdfTeX warning (ext4): destination with the same identifier
 (name{equation.4.11}) has been already used, duplicate ignored

\@EveryShipout@Output ...@Org@Shipout \box \@cclv 
                                                  
l.433 \end{equation}
                    pdfTeX warning (ext4): destination with the same identifier
 (name{equation.4.11}) has been already used, duplicate ignored

\@EveryShipout@Output ...@Org@Shipout \box \@cclv 
                                                  
l.433 \end{equation}
                    ]
Overfull \vbox (4.35007pt too high) has occurred while \output is active []


[8pdfTeX warning (ext4): destination with the same identifier (name{equation.4.
11}) has been already used, duplicate ignored

\@EveryShipout@Output ...@Org@Shipout \box \@cclv 
                                                  
l.484 \end{eqnarray}
                    pdfTeX warning (ext4): destination with the same identifier
 (name{equation.4.11}) has been already used, duplicate ignored

\@EveryShipout@Output ...@Org@Shipout \box \@cclv 
                                                  
l.484 \end{eqnarray}
                    pdfTeX warning (ext4): destination with the same identifier
 (name{equation.5.12}) has been already used, duplicate ignored

\@EveryShipout@Output ...@Org@Shipout \box \@cclv 
                                                  
l.484 \end{eqnarray}
                    ]
Overfull \vbox (4.35007pt too high) has occurred while \output is active []


[9pdfTeX warning (ext4): destination with the same identifier (name{equation.5.
13}) has been already used, duplicate ignored

\@EveryShipout@Output ...@Org@Shipout \box \@cclv 
                                                  
l.527 \newpage
              pdfTeX warning (ext4): destination with the same identifier (name
{table.2}) has been already used, duplicate ignored

\@EveryShipout@Output ...@Org@Shipout \box \@cclv 
                                                  
l.527 \newpage
              ]
Package hyperref Info: bookmark level for unknown algorithm defaults to 0 on in
put line 529.

Underfull \vbox (badness 3118) has occurred while \output is active []


Overfull \vbox (4.35007pt too high) has occurred while \output is active []


[10]
Overfull \vbox (4.35007pt too high) has occurred while \output is active []


[11]
\c@A=\count167

Overfull \vbox (4.35007pt too high) has occurred while \output is active []


[12pdfTeX warning (ext4): destination with the same identifier (name{equation.6
.13}) has been already used, duplicate ignored

\@EveryShipout@Output ...@Org@Shipout \box \@cclv 
                                                  
l.742 \end{equation}
                    pdfTeX warning (ext4): destination with the same identifier
 (name{equation.6.13}) has been already used, duplicate ignored

\@EveryShipout@Output ...@Org@Shipout \box \@cclv 
                                                  
l.742 \end{equation}
                    pdfTeX warning (ext4): destination with the same identifier
 (name{equation.6.13}) has been already used, duplicate ignored

\@EveryShipout@Output ...@Org@Shipout \box \@cclv 
                                                  
l.742 \end{equation}
                    pdfTeX warning (ext4): destination with the same identifier
 (name{equation.6.13}) has been already used, duplicate ignored

\@EveryShipout@Output ...@Org@Shipout \box \@cclv 
                                                  
l.742 \end{equation}
                    pdfTeX warning (ext4): destination with the same identifier
 (name{equation.6.13}) has been already used, duplicate ignored

\@EveryShipout@Output ...@Org@Shipout \box \@cclv 
                                                  
l.742 \end{equation}
                    pdfTeX warning (ext4): destination with the same identifier
 (name{equation.6.13}) has been already used, duplicate ignored

\@EveryShipout@Output ...@Org@Shipout \box \@cclv 
                                                  
l.742 \end{equation}
                    ]pdfTeX warning (ext4): destination with the same identifie
r (name{equation.6.13}) has been already used, duplicate ignored
<to be read again> 
                   \relax 
l.752 \begin{equation}
                      \label{CNOT}pdfTeX warning (ext4): destination with the s
ame identifier (name{equation.6.13}) has been already used, duplicate ignored
<to be read again> 
                   \relax 
l.752 \begin{equation}
                      \label{CNOT}pdfTeX warning (ext4): destination with the s
ame identifier (name{equation.6.13}) has been already used, duplicate ignored
<to be read again> 
                   \relax 
l.752 \begin{equation}
                      \label{CNOT}pdfTeX warning (ext4): destination with the s
ame identifier (name{equation.6.13}) has been already used, duplicate ignored
<to be read again> 
                   \relax 
l.752 \begin{equation}
                      \label{CNOT}
Overfull \vbox (4.35007pt too high) has occurred while \output is active []


[13pdfTeX warning (ext4): destination with the same identifier (name{equation.6
.13}) has been already used, duplicate ignored

\@EveryShipout@Output ...@Org@Shipout \box \@cclv 
                                                  
l.799 \end{equation}
                    pdfTeX warning (ext4): destination with the same identifier
 (name{equation.6.13}) has been already used, duplicate ignored

\@EveryShipout@Output ...@Org@Shipout \box \@cclv 
                                                  
l.799 \end{equation}
                    pdfTeX warning (ext4): destination with the same identifier
 (name{equation.6.14}) has been already used, duplicate ignored

\@EveryShipout@Output ...@Org@Shipout \box \@cclv 
                                                  
l.799 \end{equation}
                    pdfTeX warning (ext4): destination with the same identifier
 (name{equation.6.14}) has been already used, duplicate ignored

\@EveryShipout@Output ...@Org@Shipout \box \@cclv 
                                                  
l.799 \end{equation}
                    pdfTeX warning (ext4): destination with the same identifier
 (name{equation.6.15}) has been already used, duplicate ignored

\@EveryShipout@Output ...@Org@Shipout \box \@cclv 
                                                  
l.799 \end{equation}
                    pdfTeX warning (ext4): destination with the same identifier
 (name{equation.6.15}) has been already used, duplicate ignored

\@EveryShipout@Output ...@Org@Shipout \box \@cclv 
                                                  
l.799 \end{equation}
                    ]pdfTeX warning (ext4): destination with the same identifie
r (name{equation.6.15}) has been already used, duplicate ignored
<to be read again> 
                   \relax 
l.801 \begin{equation}
                      \label{}pdfTeX warning (ext4): destination with the same 
identifier (name{equation.6.15}) has been already used, duplicate ignored
<to be read again> 
                   \relax 
l.801 \begin{equation}
                      \label{}pdfTeX warning (ext4): destination with the same 
identifier (name{equation.6.15}) has been already used, duplicate ignored
<to be read again> 
                   \relax 
l.801 \begin{equation}
                      \label{}pdfTeX warning (ext4): destination with the same 
identifier (name{equation.6.15}) has been already used, duplicate ignored
<to be read again> 
                   \relax 
l.801 \begin{equation}
                      \label{}
Package atveryend Info: Empty hook `BeforeClearDocument' on input line 807.

Overfull \vbox (4.35007pt too high) has occurred while \output is active []


[14pdfTeX warning (ext4): destination with the same identifier (name{equation.6
.15}) has been already used, duplicate ignored

\@EveryShipout@Output ...@Org@Shipout \box \@cclv 
                                                  
l.807 \end{document}
                    ]
Package atveryend Info: Empty hook `AfterLastShipout' on input line 807.

(E:\Files\masters_thesis\Nikonov_latex_eng\Nikonov_2020_02_20.aux)
Package atveryend Info: Executing hook `AtVeryEndDocument' on input line 807.
Package atveryend Info: Executing hook `AtEndAfterFileList' on input line 807.
Package rerunfilecheck Info: File `Nikonov_2020_02_20.out' has not changed.
(rerunfilecheck)             Checksum: 46EA676AEA6B2A2B31C31D8BD081E99B;376.


LaTeX Font Warning: Some font shapes were not available, defaults substituted.


LaTeX Warning: There were multiply-defined labels.

Package atveryend Info: Empty hook `AtVeryVeryEnd' on input line 807.
 ) 
Here is how much of TeX's memory you used:
 23842 strings out of 493921
 520711 string characters out of 3146112
 650896 words of memory out of 3000000
 26567 multiletter control sequences out of 15000+200000
 27985 words of font info for 109 fonts, out of 3000000 for 9000
 841 hyphenation exceptions out of 8191
 63i,22n,76p,1380b,609s stack positions out of 5000i,500n,10000p,200000b,50000s
<E:/Soft/FullTex/Full_TeX/texmf/fonts/type1/public/amsfonts/cm/cmbx10.pfb><E:
/Soft/FullTex/Full_TeX/texmf/fonts/type1/public/amsfonts/cm/cmbx12.pfb><E:/Soft
/FullTex/Full_TeX/texmf/fonts/type1/public/amsfonts/cm/cmex10.pfb><E:/Soft/Full
Tex/Full_TeX/texmf/fonts/type1/public/amsfonts/cm/cmmi10.pfb><E:/Soft/FullTex/F
ull_TeX/texmf/fonts/type1/public/amsfonts/cm/cmmi12.pfb><E:/Soft/FullTex/Full_T
eX/texmf/fonts/type1/public/amsfonts/cm/cmmi6.pfb><E:/Soft/FullTex/Full_TeX/tex
mf/fonts/type1/public/amsfonts/cm/cmmi8.pfb><E:/Soft/FullTex/Full_TeX/texmf/fon
ts/type1/public/amsfonts/cm/cmr10.pfb><E:/Soft/FullTex/Full_TeX/texmf/fonts/typ
e1/public/amsfonts/cm/cmr12.pfb><E:/Soft/FullTex/Full_TeX/texmf/fonts/type1/pub
lic/amsfonts/cm/cmr6.pfb><E:/Soft/FullTex/Full_TeX/texmf/fonts/type1/public/ams
fonts/cm/cmr7.pfb><E:/Soft/FullTex/Full_TeX/texmf/fonts/type1/public/amsfonts/c
m/cmr8.pfb><E:/Soft/FullTex/Full_TeX/texmf/fonts/type1/public/amsfonts/cm/cmss1
2.pfb><E:/Soft/FullTex/Full_TeX/texmf/fonts/type1/public/amsfonts/cm/cmsy10.pfb
><E:/Soft/FullTex/Full_TeX/texmf/fonts/type1/public/amsfonts/cm/cmsy6.pfb><E:/S
oft/FullTex/Full_TeX/texmf/fonts/type1/public/amsfonts/cm/cmsy8.pfb><E:/Soft/Fu
llTex/Full_TeX/texmf/fonts/type1/public/amsfonts/cm/cmti10.pfb><E:/Soft/FullTex
/Full_TeX/texmf/fonts/type1/public/amsfonts/cm/cmti12.pfb><E:/Soft/FullTex/Full
_TeX/texmf/fonts/type1/public/amsfonts/cm/cmtt12.pfb><E:/Soft/FullTex/Full_TeX/
texmf/fonts/type1/public/amsfonts/euler/eufm10.pfb><E:/Soft/FullTex/Full_TeX/te
xmf/fonts/type1/public/amsfonts/symbols/msam10.pfb><E:/Soft/FullTex/Full_TeX/te
xmf/fonts/type1/public/amsfonts/symbols/msbm10.pfb>
Output written on Nikonov_2020_02_20.pdf (14 pages, 334230 bytes).
PDF statistics:
 303 PDF objects out of 1000 (max. 8388607)
 64 named destinations out of 1000 (max. 500000)
 61 words of extra memory for PDF output out of 10000 (max. 10000000)

