\BOOKMARK [0][-]{chapter*.1}{\376\377\000\040\000\040\004\022\004\062\004\065\004\064\004\065\004\075\004\070\004\065}{}% 1
\BOOKMARK [0][-]{chapter.1}{\376\377\004\036\004\061\004\111\004\060\004\117\000\040\004\101\004\105\004\065\004\074\004\060\000\040\004\072\004\062\004\060\004\075\004\102\004\076\004\062\004\113\004\105\000\040\004\062\004\060\004\100\004\070\004\060\004\106\004\070\004\076\004\075\004\075\004\113\004\105\000\040\004\060\004\073\004\063\004\076\004\100\004\070\004\102\004\074\004\076\004\062}{}% 2
\BOOKMARK [1][-]{section.1.1}{\376\377\004\021\004\060\004\067\004\070\004\101\000\040\004\037\004\060\004\103\004\073\004\070}{chapter.1}% 3
\BOOKMARK [2][-]{subsection.1.1.1}{\376\377\004\041\004\062\004\117\004\067\004\114\000\040\004\101\004\102\004\060\004\075\004\064\004\060\004\100\004\102\004\075\004\076\004\063\004\076\000\040\004\061\004\060\004\067\004\070\004\101\004\060\000\040\004\070\000\040\004\061\004\060\004\067\004\070\004\101\004\060\000\040\004\037\004\060\004\103\004\073\004\070}{section.1.1}% 4
\BOOKMARK [2][-]{subsection.1.1.2}{\376\377\004\032\004\076\004\074\004\074\004\103\004\102\004\060\004\106\004\070\004\076\004\075\004\075\004\113\004\065\000\040\004\070\000\040\004\060\004\075\004\102\004\070\004\072\004\076\004\074\004\074\004\103\004\102\004\060\004\106\004\070\004\076\004\075\004\075\004\113\004\065\000\040\004\101\004\076\004\076\004\102\004\075\004\076\004\110\004\065\004\075\004\070\004\117}{section.1.1}% 5
\BOOKMARK [2][-]{subsection.1.1.3}{\376\377\004\032\004\076\004\074\004\074\004\103\004\102\004\070\004\100\004\103\004\116\004\111\004\070\004\065\000\040\004\115\004\073\004\065\004\074\004\065\004\075\004\102\004\113\000\040\004\062\000\040\004\060\004\073\004\063\004\065\004\061\004\100\004\065\000\040\004\033\004\070\000\040\004\063\004\100\004\103\004\077\004\077\004\113\000\040\000S\000U\000\050\0002\000n\000\051}{section.1.1}% 6
\BOOKMARK [1][-]{section.1.2}{\376\377\004\022\004\060\004\100\004\070\004\060\004\106\004\070\004\076\004\075\004\075\004\060\004\117\000\040\004\072\004\062\004\060\004\075\004\102\004\076\004\062\004\060\004\117\000\040\004\076\004\077\004\102\004\070\004\074\004\070\004\067\004\060\004\106\004\070\004\117}{chapter.1}% 7
\BOOKMARK [1][-]{section.1.3}{\376\377\004\036\004\061\004\111\004\060\004\117\000\040\004\101\004\105\004\065\004\074\004\060\000\040\004\060\004\073\004\063\004\076\004\100\004\070\004\102\004\074\004\060}{chapter.1}% 8
\BOOKMARK [2][-]{subsection.1.3.1}{\376\377\004\020\004\075\004\067\004\060\004\106}{section.1.3}% 9
\BOOKMARK [2][-]{subsection.1.3.2}{\376\377\004\020\004\073\004\063\004\076\004\100\004\070\004\102\004\074\000\040\004\062\000\040\004\077\004\101\004\065\004\062\004\064\004\076\004\072\004\076\004\064\004\060\004\105}{section.1.3}% 10
\BOOKMARK [1][-]{section.1.4}{\376\377\004\037\004\100\004\070\004\074\004\065\004\100\000,\000\040\004\070\004\073\004\073\004\116\004\101\004\102\004\100\004\070\004\100\004\103\004\116\004\111\004\070\004\071\000\040\004\076\004\101\004\076\004\061\004\065\004\075\004\075\004\076\004\101\004\102\004\070\000\040\004\060\004\073\004\063\004\076\004\100\004\070\004\102\004\074\004\060}{chapter.1}% 11
\BOOKMARK [0][-]{chapter.2}{\376\377\004\022\004\060\004\100\004\070\004\060\004\106\004\070\004\076\004\075\004\075\004\113\004\071\000\040\004\072\004\062\004\060\004\075\004\102\004\076\004\062\004\113\004\071\000\040\004\060\004\073\004\063\004\076\004\100\004\070\004\102\004\074\000\040\004\070\000\040\004\074\004\065\004\102\004\076\004\064\000\040\004\076\004\102\004\066\004\070\004\063\004\060}{}% 12
\BOOKMARK [1][-]{section.2.1}{\376\377\004\034\004\065\004\102\004\076\004\064\000\040\004\076\004\102\004\066\004\070\004\063\004\060}{chapter.2}% 13
\BOOKMARK [2][-]{subsection.2.1.1}{\376\377\004\041\004\077\004\070\004\101\004\076\004\072\000\040\004\064\004\060\004\075\004\075\004\113\004\105}{section.2.1}% 14
\BOOKMARK [1][-]{section.2.2}{\376\377\004\020\004\073\004\063\004\076\004\100\004\070\004\102\004\074}{chapter.2}% 15
\BOOKMARK [2][-]{subsection.2.2.1}{\376\377\004\032\004\100\004\060\004\102\004\072\004\076\004\065\000\040\004\076\004\077\004\070\004\101\004\060\004\075\004\070\004\065\000\040\004\060\004\073\004\063\004\076\004\100\004\070\004\102\004\074\004\060}{section.2.2}% 16
\BOOKMARK [2][-]{subsection.2.2.2}{\376\377\004\032\004\062\004\060\004\075\004\102\004\076\004\062\004\060\004\117\000\040\004\076\004\077\004\102\004\070\004\074\004\070\004\067\004\060\004\106\004\070\004\117\000\040\004\074\004\065\004\102\004\076\004\064\004\076\004\074\000\040\004\076\004\102\004\066\004\070\004\063\004\060}{section.2.2}% 17
\BOOKMARK [2][-]{subsection.2.2.3}{\376\377\004\036\004\061\004\111\004\060\004\117\000\040\004\101\004\102\004\100\004\103\004\072\004\102\004\103\004\100\004\060\000\040\004\077\004\100\004\076\004\063\004\100\004\060\004\074\004\074\004\075\004\076\004\063\004\076\000\040\004\072\004\076\004\064\004\060}{section.2.2}% 18
\BOOKMARK [2][-]{subsection.2.2.4}{\376\377\004\036\004\077\004\070\004\101\004\060\004\075\004\070\004\065\000\040\004\063\004\060\004\074\004\070\004\073\004\114\004\102\004\076\004\075\004\070\004\060\004\075\004\060}{section.2.2}% 19
\BOOKMARK [2][-]{subsection.2.2.5}{\376\377\004\027\004\060\004\063\004\100\004\103\004\067\004\072\004\060\000\040\004\063\004\060\004\074\004\070\004\073\004\114\004\102\004\076\004\075\004\070\004\060\004\075\004\060}{section.2.2}% 20
\BOOKMARK [2][-]{subsection.2.2.6}{\376\377\004\022\004\060\004\100\004\070\004\060\004\106\004\070\004\076\004\075\004\075\004\113\004\071\000\040\004\060\004\075\004\067\004\060\004\106\000\040\004\062\000\040\004\061\004\060\004\067\004\070\004\101\004\065\000\040\004\037\004\060\004\103\004\073\004\070}{section.2.2}% 21
\BOOKMARK [2][-]{subsection.2.2.7}{\376\377\004\020\004\073\004\063\004\065\004\061\004\100\004\060\000\040\004\037\004\060\004\103\004\073\004\070\000\040\004\070\000\040\004\072\004\076\004\074\004\077\004\076\004\067\004\070\004\106\004\070\004\117\000\040\004\076\004\077\004\065\004\100\004\060\004\102\004\076\004\100\004\076\004\062}{section.2.2}% 22
\BOOKMARK [2][-]{subsection.2.2.8}{\376\377\004\022\004\113\004\107\004\070\004\101\004\073\004\065\004\075\004\070\004\065\000\040\004\115\004\075\004\065\004\100\004\063\004\070\004\070\000\040\004\101\004\076\004\101\004\102\004\076\004\117\004\075\004\070\004\117}{section.2.2}% 23
\BOOKMARK [2][-]{subsection.2.2.9}{\376\377\004\034\004\065\004\102\004\076\004\064\000\040\004\070\004\074\004\070\004\102\004\060\004\106\004\070\004\070\000\040\004\076\004\102\004\066\004\070\004\063\004\060\000\040\000\050\000S\000i\000m\000u\000l\000a\000t\000e\000d\000\040\000A\000n\000n\000e\000a\000l\000i\000n\000g\000\051}{section.2.2}% 24
\BOOKMARK [2][-]{subsection.2.2.10}{\376\377\004\022\004\070\004\067\004\103\004\060\004\073\004\070\004\067\004\060\004\106\004\070\004\117\000\040\004\070\000\040\004\073\004\076\004\063\004\070\004\100\004\076\004\062\004\060\004\075\004\070\004\065\000\040\004\100\004\065\004\067\004\103\004\073\004\114\004\102\004\060\004\102\004\060}{section.2.2}% 25
\BOOKMARK [1][-]{section.2.3}{\376\377\004\041\004\100\004\060\004\062\004\075\004\070\004\102\004\065\004\073\004\114\004\075\004\113\004\065\000\040\004\100\004\065\004\067\004\103\004\073\004\114\004\102\004\060\004\102\004\113\000\040\004\102\004\065\004\101\004\102\004\070\004\100\004\076\004\062\004\060\004\075\004\070\004\117}{chapter.2}% 26
\BOOKMARK [2][-]{subsection.2.3.1}{\376\377\004\041\004\100\004\060\004\062\004\075\004\070\004\102\004\065\004\073\004\114\004\075\004\113\004\071\000\040\004\060\004\075\004\060\004\073\004\070\004\067\000\040\004\077\004\060\004\100\004\060\004\074\004\065\004\102\004\100\004\076\004\062\000\040\004\076\004\102\004\066\004\070\004\063\004\060}{section.2.3}% 27
\BOOKMARK [0][-]{subsection.2.3.1}{\376\377\000\040\000\040\004\027\004\060\004\072\004\073\004\116\004\107\004\065\004\075\004\070\004\065}{}% 28
\BOOKMARK [0][-]{Item.16}{\376\377\000\040\000\040\004\033\004\070\004\102\004\065\004\100\004\060\004\102\004\103\004\100\004\060}{}% 29
\BOOKMARK [0][-]{chapter*.4}{\376\377\000\040\000\040\004\037\004\100\004\070\004\073\004\076\004\066\004\065\004\075\004\070\004\065\000\040\000P\000y\000t\000h\000o\000n}{}% 30
